<?xml version="1.0" encoding="UTF-8"?>
<!-- Generated by org.testng.reporters.JUnitReportReporter -->
<testsuite hostname="DESKTOP-O949GMR" failures="0" tests="1" name="test.PracticeTests.WebTableHandling" time="2.570" errors="0" timestamp="2024-08-26T00:02:34 IST" skipped="0">
  <testcase classname="test.PracticeTests.WebTableHandling" name="updatedWebTableHandling" time="2.570"/>
</testsuite> <!-- test.PracticeTests.WebTableHandling -->
