<?xml version="1.0" encoding="UTF-8"?>
<!-- Generated by org.testng.reporters.JUnitReportReporter -->
<testsuite hostname="DESKTOP-O949GMR" failures="0" tests="1" name="test.PracticeTests.WindowHandling" time="7.873" errors="0" timestamp="2024-08-24T20:48:06 IST" skipped="0">
  <testcase classname="test.PracticeTests.WindowHandling" name="newWindowHandling" time="7.873"/>
</testsuite> <!-- test.PracticeTests.WindowHandling -->
