<?xml version="1.0" encoding="UTF-8"?>
<!-- Generated by org.testng.reporters.JUnitReportReporter -->
<testsuite hostname="DESKTOP-O949GMR" failures="0" tests="1" name="test.PracticeTests.WebTableHandling" time="5.623" errors="0" timestamp="2024-08-24T22:51:22 IST" skipped="0">
  <testcase classname="test.PracticeTests.WebTableHandling" name="getRowsAndColumnsExceptLast" time="5.623"/>
</testsuite> <!-- test.PracticeTests.WebTableHandling -->
