<?xml version="1.0" encoding="UTF-8"?>
<!-- Generated by org.testng.reporters.JUnitReportReporter -->
<testsuite hostname="DESKTOP-O949GMR" failures="0" tests="1" name="test.PracticeTests.MiscTests" time="3.283" errors="0" timestamp="2024-08-23T22:29:57 IST" skipped="0">
  <testcase classname="test.PracticeTests.MiscTests" name="flex" time="3.283"/>
</testsuite> <!-- test.PracticeTests.MiscTests -->
