<?xml version="1.0" encoding="UTF-8"?>
<!-- Generated by org.testng.reporters.JUnitReportReporter -->
<testsuite hostname="DESKTOP-O949GMR" failures="0" tests="1" name="test.PracticeTests.MiscTests" time="8.652" errors="0" timestamp="2024-08-28T22:07:55 IST" skipped="0">
  <testcase classname="test.PracticeTests.MiscTests" name="svgElementHandling" time="8.652"/>
</testsuite> <!-- test.PracticeTests.MiscTests -->
